android/app/build/outputs/mapping/release/mapping.txt
# compiler: R8
# compiler_version: 1.5.64
# min_api: 16
# pg_map_id: 1251470
...
androidx.appcompat.widget.ResourcesWrapper -> androidx.appcompat.widget.k0:
    android.content.res.Resources mResources -> a
androidx.appcompat.widget.RtlSpacingHelper -> androidx.appcompat.widget.l0:
    int mExplicitRight -> f
    int mEnd -> d
    boolean mIsRtl -> g
    int mExplicitLeft -> e
    boolean mIsRelative -> h
    int mRight -> b
    int mStart -> c
    int mLeft -> a
    int getEnd() -> a
    void setAbsolute(int,int) -> a
    void setDirection(boolean) -> a
    int getLeft() -> b
    void setRelative(int,int) -> b
    int getRight() -> c
    int getStart() -> d
androidx.appcompat.widget.ScrollingTabContainerView -> androidx.appcompat.widget.m0:
    java.lang.Runnable mTabSelector -> b
    androidx.appcompat.widget.LinearLayoutCompat mTabLayout -> d
    int mSelectedTabIndex -> j
    int mStackedTabMaxWidth -> h
    int mContentHeight -> i
    androidx.appcompat.widget.ScrollingTabContainerView$TabClickListener mTabClickListener -> c
    android.widget.Spinner mTabSpinner -> e
    boolean mAllowCollapse -> f
    int mMaxTabWidth -> g
    void animateToTab(int) -> a
    android.widget.Spinner createSpinner() -> a
    androidx.appcompat.widget.ScrollingTabContainerView$TabView createTabView(androidx.appcompat.app.ActionBar$Tab,boolean) -> a
    boolean isCollapsed() -> b
    void performCollapse() -> c
    boolean performExpand() -> d
androidx.appcompat.widget.ScrollingTabContainerView$1 -> androidx.appcompat.widget.m0$a:
    android.view.View val$tabView -> b
    androidx.appcompat.widget.ScrollingTabContainerView this$0 -> c
androidx.appcompat.widget.ScrollingTabContainerView$TabAdapter -> androidx.appcompat.widget.m0$b:
    androidx.appcompat.widget.ScrollingTabContainerView this$0 -> b
androidx.appcompat.widget.ScrollingTabContainerView$TabClickListener -> androidx.appcompat.widget.m0$c:
    androidx.appcompat.widget.ScrollingTabContainerView this$0 -> b
androidx.appcompat.widget.ScrollingTabContainerView$TabView -> androidx.appcompat.widget.m0$d:
    androidx.appcompat.widget.ScrollingTabContainerView this$0 -> g
    int[] BG_ATTRS -> b
    android.widget.TextView mTextView -> d
    androidx.appcompat.app.ActionBar$Tab mTab -> c
    android.widget.ImageView mIconView -> e
    android.view.View mCustomView -> f
    void bindTab(androidx.appcompat.app.ActionBar$Tab) -> a
    androidx.appcompat.app.ActionBar$Tab getTab() -> a
    void update() -> b
androidx.appcompat.widget.SearchView -> androidx.appcompat.widget.SearchView:
    android.widget.ImageView mVoiceButton -> x
    android.graphics.drawable.Drawable mSearchHintIcon -> F
    boolean mVoiceButtonEnabled -> b0
    int mSuggestionRowLayout -> G
    android.view.View$OnFocusChangeListener mOnQueryTextFocusChangeListener -> N
    android.view.View mSubmitArea -> t
    android.graphics.Rect mSearchSrtTextViewBoundsExpanded -> B
    java.lang.CharSequence mDefaultQueryHint -> K
    boolean mSubmitButtonEnabled -> T
    java.lang.CharSequence mUserQuery -> d0
    android.view.View$OnClickListener mOnClickListener -> l0
    java.lang.Runnable mUpdateDrawableStateRunnable -> i0
    androidx.appcompat.widget.SearchView$OnQueryTextListener mOnQueryChangeListener -> L
    android.widget.ImageView mCloseButton -> w
    int mSuggestionCommitIconResId -> H
    int mCollapsedImeOptions -> f0
    android.view.View mSearchPlate -> s
    android.app.SearchableInfo mSearchable -> g0
    boolean mIconifiedByDefault -> Q
    android.widget.ImageView mCollapsedIcon -> E
    int[] mTemp2 -> D
    android.view.View$OnClickListener mOnSearchClickListener -> P
    androidx.appcompat.widget.SearchView$AutoCompleteTextViewReflector HIDDEN_METHOD_INVOKER -> r0
    androidx.appcompat.widget.SearchView$OnSuggestionListener mOnSuggestionListener -> O
    android.text.TextWatcher mTextWatcher -> q0
    boolean mExpandedInActionView -> e0
androidx.appcompat.widget.SearchView$1 -> androidx.appcompat.widget.SearchView$b:
    androidx.appcompat.widget.SearchView this$0 -> b